<?xml version="1.0" encoding="UTF-8"?>
<testng-results ignored="0" total="2" passed="2" failed="0" skipped="0">
  <reporter-output>
  </reporter-output>
  <suite started-at="2019-12-12T10:16:00 IST" name="Suite" finished-at="2019-12-12T10:16:54 IST" duration-ms="54934">
    <groups>
    </groups>
    <test started-at="2019-12-12T10:16:00 IST" name="Test" finished-at="2019-12-12T10:16:54 IST" duration-ms="54934">
      <class name="com.realEst.project.tests.userRegistration">
        <test-method is-config="true" signature="setUpBeforeClass()[pri:0, instance:com.realEst.project.tests.userRegistration@27ae2fd0]" started-at="2019-12-12T10:16:00 IST" name="setUpBeforeClass" finished-at="2019-12-12T10:16:00 IST" duration-ms="1" status="PASS">
          <reporter-output>
          </reporter-output>
        </test-method> <!-- setUpBeforeClass -->
        <test-method is-config="true" signature="setUp()[pri:0, instance:com.realEst.project.tests.userRegistration@27ae2fd0]" started-at="2019-12-12T10:16:00 IST" name="setUp" finished-at="2019-12-12T10:16:18 IST" duration-ms="18079" status="PASS">
          <reporter-output>
          </reporter-output>
        </test-method> <!-- setUp -->
        <test-method signature="validUsrRegistration()[pri:0, instance:com.realEst.project.tests.userRegistration@27ae2fd0]" started-at="2019-12-12T10:16:18 IST" name="validUsrRegistration" finished-at="2019-12-12T10:16:22 IST" duration-ms="4272" status="PASS">
          <reporter-output>
          </reporter-output>
        </test-method> <!-- validUsrRegistration -->
        <test-method is-config="true" signature="tearDown()[pri:0, instance:com.realEst.project.tests.userRegistration@27ae2fd0]" started-at="2019-12-12T10:16:22 IST" name="tearDown" finished-at="2019-12-12T10:16:24 IST" duration-ms="1713" status="PASS">
          <reporter-output>
          </reporter-output>
        </test-method> <!-- tearDown -->
      </class> <!-- com.realEst.project.tests.userRegistration -->
      <class name="com.realEst.project.tests.logInAndUpdateProfile">
        <test-method is-config="true" signature="setUpBeforeClass()[pri:0, instance:com.realEst.project.tests.logInAndUpdateProfile@2928854b]" started-at="2019-12-12T10:16:00 IST" name="setUpBeforeClass" finished-at="2019-12-12T10:16:00 IST" duration-ms="11" status="PASS">
          <reporter-output>
          </reporter-output>
        </test-method> <!-- setUpBeforeClass -->
        <test-method is-config="true" signature="setUp()[pri:0, instance:com.realEst.project.tests.logInAndUpdateProfile@2928854b]" started-at="2019-12-12T10:16:24 IST" name="setUp" finished-at="2019-12-12T10:16:41 IST" duration-ms="17556" status="PASS">
          <reporter-output>
          </reporter-output>
        </test-method> <!-- setUp -->
        <test-method signature="loginAndUpdateprofile()[pri:0, instance:com.realEst.project.tests.logInAndUpdateProfile@2928854b]" started-at="2019-12-12T10:16:41 IST" name="loginAndUpdateprofile" finished-at="2019-12-12T10:16:54 IST" duration-ms="13264" status="PASS">
          <reporter-output>
          </reporter-output>
        </test-method> <!-- loginAndUpdateprofile -->
      </class> <!-- com.realEst.project.tests.logInAndUpdateProfile -->
    </test> <!-- Test -->
  </suite> <!-- Suite -->
</testng-results>
